Performing C++ SOURCE FILE Test CMAKE_HAVE_LIBC_PTHREAD failed with the following output:
Change Dir: /home/pi/Rasberry/build/CMakeFiles/CMakeTmp

Run Build Command(s):/usr/bin/gmake cmTC_de19a/fast && gmake[1]: Entering directory '/home/pi/Rasberry/build/CMakeFiles/CMakeTmp'
/usr/bin/gmake  -f CMakeFiles/cmTC_de19a.dir/build.make CMakeFiles/cmTC_de19a.dir/build
gmake[2]: Entering directory '/home/pi/Rasberry/build/CMakeFiles/CMakeTmp'
Building CXX object CMakeFiles/cmTC_de19a.dir/src.cxx.o
/usr/bin/c++   -DCMAKE_HAVE_LIBC_PTHREAD -std=gnu++2a -o CMakeFiles/cmTC_de19a.dir/src.cxx.o -c /home/pi/Rasberry/build/CMakeFiles/CMakeTmp/src.cxx
Linking CXX executable cmTC_de19a
/usr/bin/cmake -E cmake_link_script CMakeFiles/cmTC_de19a.dir/link.txt --verbose=1
/usr/bin/c++  -DCMAKE_HAVE_LIBC_PTHREAD CMakeFiles/cmTC_de19a.dir/src.cxx.o -o cmTC_de19a 
/usr/bin/ld: CMakeFiles/cmTC_de19a.dir/src.cxx.o: in function `main':
src.cxx:(.text+0x40): undefined reference to `pthread_create'
/usr/bin/ld: src.cxx:(.text+0x4c): undefined reference to `pthread_detach'
/usr/bin/ld: src.cxx:(.text+0x58): undefined reference to `pthread_cancel'
/usr/bin/ld: src.cxx:(.text+0x68): undefined reference to `pthread_join'
collect2: error: ld returned 1 exit status
gmake[2]: *** [CMakeFiles/cmTC_de19a.dir/build.make:106: cmTC_de19a] Error 1
gmake[2]: Leaving directory '/home/pi/Rasberry/build/CMakeFiles/CMakeTmp'
gmake[1]: *** [Makefile:140: cmTC_de19a/fast] Error 2
gmake[1]: Leaving directory '/home/pi/Rasberry/build/CMakeFiles/CMakeTmp'


Source file was:
#include <pthread.h>

void* test_func(void* data)
{
  return data;
}

int main(void)
{
  pthread_t thread;
  pthread_create(&thread, NULL, test_func, NULL);
  pthread_detach(thread);
  pthread_cancel(thread);
  pthread_join(thread, NULL);
  pthread_atfork(NULL, NULL, NULL);
  pthread_exit(NULL);

  return 0;
}

Determining if the function pthread_create exists in the pthreads failed with the following output:
Change Dir: /home/pi/Rasberry/build/CMakeFiles/CMakeTmp

Run Build Command(s):/usr/bin/gmake cmTC_1214f/fast && gmake[1]: Entering directory '/home/pi/Rasberry/build/CMakeFiles/CMakeTmp'
/usr/bin/gmake  -f CMakeFiles/cmTC_1214f.dir/build.make CMakeFiles/cmTC_1214f.dir/build
gmake[2]: Entering directory '/home/pi/Rasberry/build/CMakeFiles/CMakeTmp'
Building CXX object CMakeFiles/cmTC_1214f.dir/CheckFunctionExists.cxx.o
/usr/bin/c++   -DCHECK_FUNCTION_EXISTS=pthread_create -std=gnu++2a -o CMakeFiles/cmTC_1214f.dir/CheckFunctionExists.cxx.o -c /home/pi/Rasberry/build/CMakeFiles/CheckLibraryExists/CheckFunctionExists.cxx
Linking CXX executable cmTC_1214f
/usr/bin/cmake -E cmake_link_script CMakeFiles/cmTC_1214f.dir/link.txt --verbose=1
/usr/bin/c++  -DCHECK_FUNCTION_EXISTS=pthread_create CMakeFiles/cmTC_1214f.dir/CheckFunctionExists.cxx.o -o cmTC_1214f  -lpthreads 
/usr/bin/ld: cannot find -lpthreads
collect2: error: ld returned 1 exit status
gmake[2]: *** [CMakeFiles/cmTC_1214f.dir/build.make:106: cmTC_1214f] Error 1
gmake[2]: Leaving directory '/home/pi/Rasberry/build/CMakeFiles/CMakeTmp'
gmake[1]: *** [Makefile:140: cmTC_1214f/fast] Error 2
gmake[1]: Leaving directory '/home/pi/Rasberry/build/CMakeFiles/CMakeTmp'



